[INFO] Scanning for projects...
[INFO] 
[INFO] --------< com.directoriocristiano:directorio-cristiano-backend >--------
[INFO] Building Directorio Cristiano Local Backend 0.0.1-SNAPSHOT
[INFO]   from pom.xml
[INFO] --------------------------------[ jar ]---------------------------------
[INFO] 
[INFO] >>> spring-boot:3.5.15:run (default-cli) > test-compile @ directorio-cristiano-backend >>>
[INFO] 
[INFO] --- resources:3.3.1:resources (default-resources) @ directorio-cristiano-backend ---
[INFO] Copying 1 resource from src\main\resources to target\classes
[INFO] Copying 1 resource from src\main\resources to target\classes
[INFO] 
[INFO] --- compiler:3.14.1:compile (default-compile) @ directorio-cristiano-backend ---
[INFO] Nothing to compile - all classes are up to date.
[INFO] 
[INFO] --- resources:3.3.1:testResources (default-testResources) @ directorio-cristiano-backend ---
[INFO] skip non existing resourceDirectory D:\desarrollos\directorio-cristiano-backend\src\test\resources
[INFO] 
[INFO] --- compiler:3.14.1:testCompile (default-testCompile) @ directorio-cristiano-backend ---
[INFO] Nothing to compile - all classes are up to date.
[INFO] 
[INFO] <<< spring-boot:3.5.15:run (default-cli) < test-compile @ directorio-cristiano-backend <<<
[INFO] 
[INFO] 
[INFO] --- spring-boot:3.5.15:run (default-cli) @ directorio-cristiano-backend ---
[INFO] Attaching agents: []

  .   ____          _            __ _ _
 /\\ / ___'_ __ _ _(_)_ __  __ _ \ \ \ \
( ( )\___ | '_ | '_| | '_ \/ _` | \ \ \ \
 \\/  ___)| |_)| | | | | || (_| |  ) ) ) )
  '  |____| .__|_| |_|_| |_\__, | / / / /
 =========|_|==============|___/=/_/_/_/

 :: Spring Boot ::               (v3.5.15)

2026-06-22T18:10:54.360-05:00  INFO 2140 --- [directorio-cristiano-backend] [           main] .d.DirectorioCristianoBackendApplication : Starting DirectorioCristianoBackendApplication using Java 21.0.10 with PID 2140 (D:\desarrollos\directorio-cristiano-backend\target\classes started by Asus VivoBook in D:\desarrollos\directorio-cristiano-backend)
2026-06-22T18:10:54.361-05:00 DEBUG 2140 --- [directorio-cristiano-backend] [           main] .d.DirectorioCristianoBackendApplication : Running with Spring Boot v3.5.15, Spring v6.2.19
2026-06-22T18:10:54.366-05:00  INFO 2140 --- [directorio-cristiano-backend] [           main] .d.DirectorioCristianoBackendApplication : No active profile set, falling back to 1 default profile: "default"
2026-06-22T18:10:56.185-05:00  INFO 2140 --- [directorio-cristiano-backend] [           main] .s.d.r.c.RepositoryConfigurationDelegate : Bootstrapping Spring Data JPA repositories in DEFAULT mode.
2026-06-22T18:10:56.282-05:00  INFO 2140 --- [directorio-cristiano-backend] [           main] .s.d.r.c.RepositoryConfigurationDelegate : Finished Spring Data repository scanning in 97 ms. Found 5 JPA repository interfaces.
2026-06-22T18:10:57.305-05:00  INFO 2140 --- [directorio-cristiano-backend] [           main] o.s.b.w.embedded.tomcat.TomcatWebServer  : Tomcat initialized with port 8080 (http)
2026-06-22T18:10:57.320-05:00  INFO 2140 --- [directorio-cristiano-backend] [           main] o.apache.catalina.core.StandardService   : Starting service [Tomcat]
2026-06-22T18:10:57.320-05:00  INFO 2140 --- [directorio-cristiano-backend] [           main] o.apache.catalina.core.StandardEngine    : Starting Servlet engine: [Apache Tomcat/10.1.55]
2026-06-22T18:10:57.467-05:00  INFO 2140 --- [directorio-cristiano-backend] [           main] o.a.c.c.C.[Tomcat].[localhost].[/]       : Initializing Spring embedded WebApplicationContext
2026-06-22T18:10:57.467-05:00  INFO 2140 --- [directorio-cristiano-backend] [           main] w.s.c.ServletWebServerApplicationContext : Root WebApplicationContext: initialization completed in 3014 ms
2026-06-22T18:10:57.973-05:00  INFO 2140 --- [directorio-cristiano-backend] [           main] com.zaxxer.hikari.HikariDataSource       : HikariPool-1 - Starting...
2026-06-22T18:10:58.238-05:00  INFO 2140 --- [directorio-cristiano-backend] [           main] com.zaxxer.hikari.pool.HikariPool        : HikariPool-1 - Added connection org.postgresql.jdbc.PgConnection@2729bb71
2026-06-22T18:10:58.238-05:00  INFO 2140 --- [directorio-cristiano-backend] [           main] com.zaxxer.hikari.HikariDataSource       : HikariPool-1 - Start completed.
2026-06-22T18:10:58.265-05:00  INFO 2140 --- [directorio-cristiano-backend] [           main] org.flywaydb.core.FlywayExecutor         : Database: jdbc:postgresql://localhost:5432/directorio_cristiano (PostgreSQL 18.4)
2026-06-22T18:10:58.281-05:00  WARN 2140 --- [directorio-cristiano-backend] [           main] o.f.c.internal.database.base.Database    : Flyway upgrade recommended: PostgreSQL 18.4 is newer than this version of Flyway and support has not been tested. The latest supported version of PostgreSQL is 17.
2026-06-22T18:10:58.348-05:00  INFO 2140 --- [directorio-cristiano-backend] [           main] o.f.core.internal.command.DbValidate     : Successfully validated 1 migration (execution time 00:00.051s)
2026-06-22T18:10:58.415-05:00  INFO 2140 --- [directorio-cristiano-backend] [           main] o.f.core.internal.command.DbMigrate      : Current version of schema "public": 1
2026-06-22T18:10:58.415-05:00  INFO 2140 --- [directorio-cristiano-backend] [           main] o.f.core.internal.command.DbMigrate      : Schema "public" is up to date. No migration necessary.
2026-06-22T18:10:58.518-05:00  INFO 2140 --- [directorio-cristiano-backend] [           main] o.hibernate.jpa.internal.util.LogHelper  : HHH000204: Processing PersistenceUnitInfo [name: default]
2026-06-22T18:10:58.598-05:00  INFO 2140 --- [directorio-cristiano-backend] [           main] org.hibernate.Version                    : HHH000412: Hibernate ORM core version 6.6.53.Final
2026-06-22T18:10:58.631-05:00  INFO 2140 --- [directorio-cristiano-backend] [           main] o.h.c.internal.RegionFactoryInitiator    : HHH000026: Second-level cache disabled
2026-06-22T18:10:59.008-05:00  INFO 2140 --- [directorio-cristiano-backend] [           main] o.s.o.j.p.SpringPersistenceUnitInfo      : No LoadTimeWeaver setup: ignoring JPA class transformer
2026-06-22T18:10:59.081-05:00  WARN 2140 --- [directorio-cristiano-backend] [           main] org.hibernate.orm.deprecation            : HHH90000025: PostgreSQLDialect does not need to be specified explicitly using 'hibernate.dialect' (remove the property setting and it will be selected by default)
2026-06-22T18:10:59.098-05:00  INFO 2140 --- [directorio-cristiano-backend] [           main] org.hibernate.orm.connections.pooling    : HHH10001005: Database info:
	Database JDBC URL [Connecting through datasource 'HikariDataSource (HikariPool-1)']
	Database driver: undefined/unknown
	Database version: 18.4
	Autocommit mode: undefined/unknown
	Isolation level: undefined/unknown
	Minimum pool size: undefined/unknown
	Maximum pool size: undefined/unknown
2026-06-22T18:11:00.681-05:00  INFO 2140 --- [directorio-cristiano-backend] [           main] o.h.e.t.j.p.i.JtaPlatformInitiator       : HHH000489: No JTA platform available (set 'hibernate.transaction.jta.platform' to enable JTA platform integration)
2026-06-22T18:11:00.743-05:00  INFO 2140 --- [directorio-cristiano-backend] [           main] j.LocalContainerEntityManagerFactoryBean : Initialized JPA EntityManagerFactory for persistence unit 'default'
2026-06-22T18:11:01.143-05:00 DEBUG 2140 --- [directorio-cristiano-backend] [           main] c.d.security.JwtAuthenticationFilter     : Filter 'jwtAuthenticationFilter' configured for use
2026-06-22T18:11:01.248-05:00  INFO 2140 --- [directorio-cristiano-backend] [           main] o.s.d.j.r.query.QueryEnhancerFactory     : Hibernate is in classpath; If applicable, HQL parser will be used.
2026-06-22T18:11:02.750-05:00  WARN 2140 --- [directorio-cristiano-backend] [           main] JpaBaseConfiguration$JpaWebConfiguration : spring.jpa.open-in-view is enabled by default. Therefore, database queries may be performed during view rendering. Explicitly configure spring.jpa.open-in-view to disable this warning
2026-06-22T18:11:03.047-05:00  INFO 2140 --- [directorio-cristiano-backend] [           main] o.s.b.a.e.web.EndpointLinksResolver      : Exposing 1 endpoint beneath base path '/actuator'
2026-06-22T18:11:03.697-05:00  INFO 2140 --- [directorio-cristiano-backend] [           main] o.s.b.w.embedded.tomcat.TomcatWebServer  : Tomcat started on port 8080 (http) with context path '/'
2026-06-22T18:11:03.716-05:00  INFO 2140 --- [directorio-cristiano-backend] [           main] .d.DirectorioCristianoBackendApplication : Started DirectorioCristianoBackendApplication in 10.198 seconds (process running for 10.808)
2026-06-22T18:11:03.814-05:00  WARN 2140 --- [directorio-cristiano-backend] [           main] o.s.core.events.SpringDocAppInitializer  : SpringDoc /api-docs endpoint is enabled by default. To disable it in production, set the property 'springdoc.api-docs.enabled=false'
2026-06-22T18:11:03.814-05:00  WARN 2140 --- [directorio-cristiano-backend] [           main] o.s.core.events.SpringDocAppInitializer  : SpringDoc /swagger-ui.html endpoint is enabled by default. To disable it in production, set the property 'springdoc.swagger-ui.enabled=false'
